<?xml version="1.0" encoding="UTF-8"?>
<!-- Generated by org.testng.reporters.JUnitXMLReporter -->
<testsuite ignored="0" hostname="e8f987316f6257d" failures="1" tests="1" name="Test3" time="4.754" errors="0" timestamp="2025-11-20T18:35:09 IST">
  <testcase classname="tc3" name="f" time="0.647">
    <failure type="java.lang.AssertionError" message="expected [true] but found [false]">
      <![CDATA[java.lang.AssertionError: expected [true] but found [false]
at tc3.f(tc3.java:51)
at java.base/java.util.ArrayList.forEach(ArrayList.java:1604)
... Removed 33 stack frames]]>
    </failure>
  </testcase> <!-- f -->
</testsuite> <!-- Test3 -->
