<?xml version="1.0" encoding="UTF-8"?>
<!-- Generated by org.testng.reporters.JUnitXMLReporter -->
<testsuite ignored="0" hostname="e8f987316f6257d" failures="1" tests="1" name="Test4" time="6.643" errors="0" timestamp="2025-11-20T18:35:16 IST">
  <testcase classname="tc4" name="f" time="2.674">
    <failure type="java.lang.AssertionError" message="expected [true] but found [false]">
      <![CDATA[java.lang.AssertionError: expected [true] but found [false]
at tc4.f(tc4.java:52)
at java.base/java.util.ArrayList.forEach(ArrayList.java:1604)
... Removed 33 stack frames]]>
    </failure>
  </testcase> <!-- f -->
</testsuite> <!-- Test4 -->
